<?xml version="1.0" encoding="UTF-8"?>
<!-- Generated by org.testng.reporters.JUnitReportReporter -->
<testsuite hostname="LAPTOP-K5VORSEN" failures="0" tests="1" name="PackageTestNG.TestNGSimpleTest" time="0.012" errors="0" timestamp="2023-09-12T07:29:26 IST" skipped="0">
  <testcase classname="PackageTestNG.TestNGSimpleTest" name="gmailLogin" time="0.012"/>
</testsuite> <!-- PackageTestNG.TestNGSimpleTest -->
